Using pre-set license
Built from '2020.3/staging' branch; Version is '2020.3.5f1 (8095aa901b9b) revision 8426922'; Using compiler version '192528614'; Build Type 'Release'
OS: 'Windows 10 Home; OS build 19041.985; Version 2004; 64bit' Language: 'en' Physical Memory: 16271 MB
BatchMode: 1, IsHumanControllingUs: 0, StartBugReporterOnCrash: 0, Is64bit: 1, IsPro: 0

 COMMAND LINE ARGUMENTS:
C:\Program Files\Unity\Hub\Editor\2020.3.5f1\Editor\Unity.exe
-adb2
-batchMode
-noUpm
-name
AssetImportWorker0
-projectPath
C:/Users/frank/Downloads/VR
-logFile
Logs/AssetImportWorker0.log
-srvPort
55116
Successfully changed project path to: C:/Users/frank/Downloads/VR
C:/Users/frank/Downloads/VR
Using Asset Import Pipeline V2.
Refreshing native plugins compatible for Editor in 120.01 ms, found 10 plugins.
Preloading 2 native plugins for Editor in 1.77 ms.
Initialize engine version: 2020.3.5f1 (8095aa901b9b)
[Subsystems] Discovering subsystems at path C:/Program Files/Unity/Hub/Editor/2020.3.5f1/Editor/Data/Resources/UnitySubsystems
[Subsystems] Discovering subsystems at path C:/Users/frank/Downloads/VR/Assets
GfxDevice: creating device client; threaded=0
Direct3D:
    Version:  Direct3D 11.0 [level 11.1]
    Renderer: Intel(R) UHD Graphics 620 (ID=0x3ea0)
    Vendor:   
    VRAM:     8135 MB
    Driver:   26.20.100.7926
Shader 'Oculus/OVRMRCameraFrameLit': fallback shader 'Alpha-Diffuse' not found
Initialize mono
Mono path[0] = 'C:/Program Files/Unity/Hub/Editor/2020.3.5f1/Editor/Data/Managed'
Mono path[1] = 'C:/Program Files/Unity/Hub/Editor/2020.3.5f1/Editor/Data/MonoBleedingEdge/lib/mono/unityjit'
Mono config path = 'C:/Program Files/Unity/Hub/Editor/2020.3.5f1/Editor/Data/MonoBleedingEdge/etc'
Using monoOptions --debugger-agent=transport=dt_socket,embedding=1,server=y,suspend=n,address=127.0.0.1:56232
Begin MonoManager ReloadAssembly
Registering precompiled unity dll's ...
Register platform support module: C:/Program Files/Unity/Hub/Editor/2020.3.5f1/Editor/Data/PlaybackEngines/WindowsStandaloneSupport/UnityEditor.WindowsStandalone.Extensions.dll
Registered in 0.004868 seconds.
Native extension for WindowsStandalone target not found
Refreshing native plugins compatible for Editor in 142.09 ms, found 10 plugins.
Preloading 2 native plugins for Editor in 0.24 ms.
Mono: successfully reloaded assembly
- Completed reload, in  3.728 seconds
Platform modules already initialized, skipping
Registering precompiled user dll's ...
Registered in 0.014112 seconds.
Begin MonoManager ReloadAssembly
Native extension for WindowsStandalone target not found
Refreshing native plugins compatible for Editor in 1.03 ms, found 10 plugins.
Preloading 2 native plugins for Editor in 0.18 ms.
[XR] OculusXRPlugin: registering subsystems
[XR] Unable to register display lifecyle provider: [1]
[XR] Oculus Input lifecycle provider registered.
[XR] Unable to register input lifecyle provider: [1]
[XR] OVRP version 1.60.0
Mono: successfully reloaded assembly
- Completed reload, in  1.732 seconds
Platform modules already initialized, skipping
========================================================================
Worker process is ready to serve import requests
Shader 'Oculus/OVRMRCameraFrameLit': fallback shader 'Alpha-Diffuse' not found
Launched and connected shader compiler UnityShaderCompiler.exe after 0.05 seconds
Refreshing native plugins compatible for Editor in 0.97 ms, found 10 plugins.
Preloading 2 native plugins for Editor in 0.16 ms.
Unloading 2164 Unused Serialized files (Serialized files now loaded: 0)
System memory in use before: 178.3 MB.
System memory in use after: 178.3 MB.

Unloading 36 unused Assets to reduce memory usage. Loaded Objects now: 2598.
Total: 2.410200 ms (FindLiveObjects: 0.231800 ms CreateObjectMapping: 0.104900 ms MarkObjects: 1.903600 ms  DeleteObjects: 0.169000 ms)

========================================================================
Received Import Request.
  path: Assets/Spin.cs
  artifactKey: Guid(0c0846ea60fd87249a03bbcf2ecf1308) Importer(815301076,1909f56bfc062723c751e8b465ee728b)
Start importing Assets/Spin.cs using Guid(0c0846ea60fd87249a03bbcf2ecf1308) Importer(815301076,1909f56bfc062723c751e8b465ee728b)  -> (artifact id: '6fac97261671b5aa5c57ecac30eb230f') in 0.028777 seconds
  Import took 0.032441 seconds .

========================================================================
Received Prepare
Registering precompiled user dll's ...
Registered in 0.005580 seconds.
Begin MonoManager ReloadAssembly
Native extension for WindowsStandalone target not found
Refreshing native plugins compatible for Editor in 0.71 ms, found 10 plugins.
Preloading 2 native plugins for Editor in 0.11 ms.
Mono: successfully reloaded assembly
- Completed reload, in  0.886 seconds
Platform modules already initialized, skipping
Switching build target platform(5) subTarget(0) extendedPlatform(0) -> platform(13) subTarget(524294) extendedPlatform(0)
Shader 'Oculus/OVRMRCameraFrameLit': fallback shader 'Alpha-Diffuse' not found
Refreshing native plugins compatible for Editor in 0.70 ms, found 10 plugins.
Preloading 2 native plugins for Editor in 0.10 ms.
Unloading 2069 Unused Serialized files (Serialized files now loaded: 0)
System memory in use before: 169.6 MB.
System memory in use after: 169.7 MB.

Unloading 31 unused Assets to reduce memory usage. Loaded Objects now: 2602.
Total: 2.663100 ms (FindLiveObjects: 0.424800 ms CreateObjectMapping: 0.214000 ms MarkObjects: 1.908300 ms  DeleteObjects: 0.101000 ms)

AssetImportParameters requested are different than current active one (requested -> active):
  custom:graphics/normal-map-encoding: 01000000000000000000000000000000 -> 02000000000000000000000000000000
AssetImportWorkerClient::OnTransportError - code=2 error=End of file
